# JRE version: OpenJDK Runtime Environment Temurin-17.0.9+9 (17.0.9+9) (build 17.0.9+9)
# Java VM: OpenJDK 64-Bit Server VM Temurin-17.0.9+9 (17.0.9+9, mixed mode, emulated-client, tiered, compressed oops, compressed class ptrs, g1 gc, windows-amd64)
GC Precious Log:
 CPUs: 8 total, 8 available
 Memory: 7103M
 Large Page Support: Disabled
 NUMA Support: Disabled
 Compressed Oops: Enabled (32-bit)
 Heap Region Size: 1M
 Heap Min Capacity: 8M
 Heap Initial Capacity: 112M
 Heap Max Capacity: 1G
 Pre-touch: Disabled
 Parallel Workers: 8
 Concurrent Workers: 2
 Concurrent Refinement Workers: 8
 Periodic GC: Disabled
Heap:
 garbage-first heap   total 71680K, used 22298K [0x00000000c0000000, 0x0000000100000000)
  region size 1024K, 1 young (1024K), 0 survivors (0K)
 Metaspace       used 38474K, committed 39040K, reserved 1114112K
  class space    used 5058K, committed 5248K, reserved 1048576K
GC Heap History (20 events):
Event: 338.785 GC heap before
{Heap before GC invocations=27 (full 19):
 garbage-first heap   total 71680K, used 22298K [0x00000000c0000000, 0x0000000100000000)
  region size 1024K, 1 young (1024K), 0 survivors (0K)
 Metaspace       used 38474K, committed 39040K, reserved 1114112K
  class space    used 5058K, committed 5248K, reserved 1048576K
}
Event: 338.827 GC heap after
{Heap after GC invocations=28 (full 20):
 garbage-first heap   total 71680K, used 22298K [0x00000000c0000000, 0x0000000100000000)
  region size 1024K, 0 young (0K), 0 survivors (0K)
 Metaspace       used 38474K, committed 39040K, reserved 1114112K
  class space    used 5058K, committed 5248K, reserved 1048576K
}
Event: 349.085 GC heap before
{Heap before GC invocations=28 (full 20):
 garbage-first heap   total 71680K, used 22298K [0x00000000c0000000, 0x0000000100000000)
  region size 1024K, 1 young (1024K), 0 survivors (0K)
 Metaspace       used 38474K, committed 39040K, reserved 1114112K
  class space    used 5058K, committed 5248K, reserved 1048576K
}
Event: 349.116 GC heap after
{Heap after GC invocations=29 (full 21):
 garbage-first heap   total 71680K, used 22298K [0x00000000c0000000, 0x0000000100000000)
  region size 1024K, 0 young (0K), 0 survivors (0K)
 Metaspace       used 38474K, committed 39040K, reserved 1114112K
  class space    used 5058K, committed 5248K, reserved 1048576K
}
Event: 359.724 GC heap before
{Heap before GC invocations=29 (full 21):
 garbage-first heap   total 71680K, used 22298K [0x00000000c0000000, 0x0000000100000000)
  region size 1024K, 1 young (1024K), 0 survivors (0K)
 Metaspace       used 38474K, committed 39040K, reserved 1114112K
  class space    used 5058K, committed 5248K, reserved 1048576K
}
Event: 359.769 GC heap after
{Heap after GC invocations=30 (full 22):
 garbage-first heap   total 71680K, used 22298K [0x00000000c0000000, 0x0000000100000000)
  region size 1024K, 0 young (0K), 0 survivors (0K)
 Metaspace       used 38474K, committed 39040K, reserved 1114112K
  class space    used 5058K, committed 5248K, reserved 1048576K
}
Event: 370.102 GC heap before
{Heap before GC invocations=30 (full 22):
 garbage-first heap   total 71680K, used 22298K [0x00000000c0000000, 0x0000000100000000)
  region size 1024K, 1 young (1024K), 0 survivors (0K)
 Metaspace       used 38474K, committed 39040K, reserved 1114112K
  class space    used 5058K, committed 5248K, reserved 1048576K
}
Event: 370.140 GC heap after
{Heap after GC invocations=31 (full 23):
 garbage-first heap   total 71680K, used 22298K [0x00000000c0000000, 0x0000000100000000)
  region size 1024K, 0 young (0K), 0 survivors (0K)
 Metaspace       used 38474K, committed 39040K, reserved 1114112K
  class space    used 5058K, committed 5248K, reserved 1048576K
}
Event: 380.681 GC heap before
{Heap before GC invocations=31 (full 23):
 garbage-first heap   total 71680K, used 22298K [0x00000000c0000000, 0x0000000100000000)
  region size 1024K, 1 young (1024K), 0 survivors (0K)
 Metaspace       used 38474K, committed 39040K, reserved 1114112K
  class space    used 5058K, committed 5248K, reserved 1048576K
}
Event: 380.719 GC heap after
{Heap after GC invocations=32 (full 24):
 garbage-first heap   total 71680K, used 22298K [0x00000000c0000000, 0x0000000100000000)
  region size 1024K, 0 young (0K), 0 survivors (0K)
 Metaspace       used 38474K, committed 39040K, reserved 1114112K
  class space    used 5058K, committed 5248K, reserved 1048576K
}
Event: 391.233 GC heap before
{Heap before GC invocations=32 (full 24):
 garbage-first heap   total 71680K, used 22298K [0x00000000c0000000, 0x0000000100000000)
  region size 1024K, 1 young (1024K), 0 survivors (0K)
 Metaspace       used 38474K, committed 39040K, reserved 1114112K
  class space    used 5058K, committed 5248K, reserved 1048576K
}
Event: 391.279 GC heap after
{Heap after GC invocations=33 (full 25):
 garbage-first heap   total 71680K, used 22298K [0x00000000c0000000, 0x0000000100000000)
  region size 1024K, 0 young (0K), 0 survivors (0K)
 Metaspace       used 38474K, committed 39040K, reserved 1114112K
  class space    used 5058K, committed 5248K, reserved 1048576K
}
Event: 402.523 GC heap before
{Heap before GC invocations=33 (full 25):
 garbage-first heap   total 71680K, used 22298K [0x00000000c0000000, 0x0000000100000000)
  region size 1024K, 1 young (1024K), 0 survivors (0K)
 Metaspace       used 38474K, committed 39040K, reserved 1114112K
  class space    used 5058K, committed 5248K, reserved 1048576K
}
Event: 402.589 GC heap after
{Heap after GC invocations=34 (full 26):
 garbage-first heap   total 71680K, used 22298K [0x00000000c0000000, 0x0000000100000000)
  region size 1024K, 0 young (0K), 0 survivors (0K)
 Metaspace       used 38474K, committed 39040K, reserved 1114112K
  class space    used 5058K, committed 5248K, reserved 1048576K
}
Event: 414.687 GC heap before
{Heap before GC invocations=34 (full 26):
 garbage-first heap   total 71680K, used 22298K [0x00000000c0000000, 0x0000000100000000)
  region size 1024K, 1 young (1024K), 0 survivors (0K)
 Metaspace       used 38474K, committed 39040K, reserved 1114112K
  class space    used 5058K, committed 5248K, reserved 1048576K
}
Event: 414.747 GC heap after
{Heap after GC invocations=35 (full 27):
 garbage-first heap   total 71680K, used 22298K [0x00000000c0000000, 0x0000000100000000)
  region size 1024K, 0 young (0K), 0 survivors (0K)
 Metaspace       used 38474K, committed 39040K, reserved 1114112K
  class space    used 5058K, committed 5248K, reserved 1048576K
}
Event: 434.603 GC heap before
{Heap before GC invocations=35 (full 27):
 garbage-first heap   total 71680K, used 22298K [0x00000000c0000000, 0x0000000100000000)
  region size 1024K, 1 young (1024K), 0 survivors (0K)
 Metaspace       used 38474K, committed 39040K, reserved 1114112K
  class space    used 5058K, committed 5248K, reserved 1048576K
}
Event: 434.646 GC heap after
{Heap after GC invocations=36 (full 28):
 garbage-first heap   total 71680K, used 22298K [0x00000000c0000000, 0x0000000100000000)
  region size 1024K, 0 young (0K), 0 survivors (0K)
 Metaspace       used 38474K, committed 39040K, reserved 1114112K
  class space    used 5058K, committed 5248K, reserved 1048576K
}
Event: 455.048 GC heap before
{Heap before GC invocations=36 (full 28):
 garbage-first heap   total 71680K, used 22298K [0x00000000c0000000, 0x0000000100000000)
  region size 1024K, 1 young (1024K), 0 survivors (0K)
 Metaspace       used 38474K, committed 39040K, reserved 1114112K
  class space    used 5058K, committed 5248K, reserved 1048576K
}
Event: 455.093 GC heap after
{Heap after GC invocations=37 (full 29):
 garbage-first heap   total 71680K, used 22298K [0x00000000c0000000, 0x0000000100000000)
  region size 1024K, 0 young (0K), 0 survivors (0K)
 Metaspace       used 38474K, committed 39040K, reserved 1114112K
  class space    used 5058K, committed 5248K, reserved 1048576K
}

