# JRE version: OpenJDK Runtime Environment Temurin-17.0.9+9 (17.0.9+9) (build 17.0.9+9)
# Java VM: OpenJDK 64-Bit Server VM Temurin-17.0.9+9 (17.0.9+9, mixed mode, emulated-client, tiered, compressed oops, compressed class ptrs, g1 gc, windows-amd64)
GC Precious Log:
 CPUs: 8 total, 8 available
 Memory: 7103M
 Large Page Support: Disabled
 NUMA Support: Disabled
 Compressed Oops: Enabled (32-bit)
 Heap Region Size: 1M
 Heap Min Capacity: 8M
 Heap Initial Capacity: 112M
 Heap Max Capacity: 1G
 Pre-touch: Disabled
 Parallel Workers: 8
 Concurrent Workers: 2
 Concurrent Refinement Workers: 8
 Periodic GC: Disabled
Heap:
 garbage-first heap   total 68608K, used 22115K [0x00000000c0000000, 0x0000000100000000)
  region size 1024K, 1 young (1024K), 0 survivors (0K)
 Metaspace       used 38447K, committed 38976K, reserved 1114112K
  class space    used 5057K, committed 5248K, reserved 1048576K
GC Heap History (20 events):
Event: 779.738 GC heap before
{Heap before GC invocations=69 (full 60):
 garbage-first heap   total 68608K, used 22115K [0x00000000c0000000, 0x0000000100000000)
  region size 1024K, 1 young (1024K), 0 survivors (0K)
 Metaspace       used 38447K, committed 38976K, reserved 1114112K
  class space    used 5057K, committed 5248K, reserved 1048576K
}
Event: 779.789 GC heap after
{Heap after GC invocations=70 (full 61):
 garbage-first heap   total 68608K, used 22115K [0x00000000c0000000, 0x0000000100000000)
  region size 1024K, 0 young (0K), 0 survivors (0K)
 Metaspace       used 38447K, committed 38976K, reserved 1114112K
  class space    used 5057K, committed 5248K, reserved 1048576K
}
Event: 794.213 GC heap before
{Heap before GC invocations=70 (full 61):
 garbage-first heap   total 68608K, used 22115K [0x00000000c0000000, 0x0000000100000000)
  region size 1024K, 1 young (1024K), 0 survivors (0K)
 Metaspace       used 38447K, committed 38976K, reserved 1114112K
  class space    used 5057K, committed 5248K, reserved 1048576K
}
Event: 794.299 GC heap after
{Heap after GC invocations=71 (full 62):
 garbage-first heap   total 68608K, used 22115K [0x00000000c0000000, 0x0000000100000000)
  region size 1024K, 0 young (0K), 0 survivors (0K)
 Metaspace       used 38447K, committed 38976K, reserved 1114112K
  class space    used 5057K, committed 5248K, reserved 1048576K
}
Event: 807.232 GC heap before
{Heap before GC invocations=71 (full 62):
 garbage-first heap   total 68608K, used 22115K [0x00000000c0000000, 0x0000000100000000)
  region size 1024K, 1 young (1024K), 0 survivors (0K)
 Metaspace       used 38447K, committed 38976K, reserved 1114112K
  class space    used 5057K, committed 5248K, reserved 1048576K
}
Event: 807.271 GC heap after
{Heap after GC invocations=72 (full 63):
 garbage-first heap   total 68608K, used 22115K [0x00000000c0000000, 0x0000000100000000)
  region size 1024K, 0 young (0K), 0 survivors (0K)
 Metaspace       used 38447K, committed 38976K, reserved 1114112K
  class space    used 5057K, committed 5248K, reserved 1048576K
}
Event: 820.773 GC heap before
{Heap before GC invocations=72 (full 63):
 garbage-first heap   total 68608K, used 22115K [0x00000000c0000000, 0x0000000100000000)
  region size 1024K, 1 young (1024K), 0 survivors (0K)
 Metaspace       used 38447K, committed 38976K, reserved 1114112K
  class space    used 5057K, committed 5248K, reserved 1048576K
}
Event: 820.818 GC heap after
{Heap after GC invocations=73 (full 64):
 garbage-first heap   total 68608K, used 22115K [0x00000000c0000000, 0x0000000100000000)
  region size 1024K, 0 young (0K), 0 survivors (0K)
 Metaspace       used 38447K, committed 38976K, reserved 1114112K
  class space    used 5057K, committed 5248K, reserved 1048576K
}
Event: 835.479 GC heap before
{Heap before GC invocations=73 (full 64):
 garbage-first heap   total 68608K, used 22115K [0x00000000c0000000, 0x0000000100000000)
  region size 1024K, 1 young (1024K), 0 survivors (0K)
 Metaspace       used 38447K, committed 38976K, reserved 1114112K
  class space    used 5057K, committed 5248K, reserved 1048576K
}
Event: 835.526 GC heap after
{Heap after GC invocations=74 (full 65):
 garbage-first heap   total 68608K, used 22115K [0x00000000c0000000, 0x0000000100000000)
  region size 1024K, 0 young (0K), 0 survivors (0K)
 Metaspace       used 38447K, committed 38976K, reserved 1114112K
  class space    used 5057K, committed 5248K, reserved 1048576K
}
Event: 847.776 GC heap before
{Heap before GC invocations=74 (full 65):
 garbage-first heap   total 68608K, used 22115K [0x00000000c0000000, 0x0000000100000000)
  region size 1024K, 1 young (1024K), 0 survivors (0K)
 Metaspace       used 38447K, committed 38976K, reserved 1114112K
  class space    used 5057K, committed 5248K, reserved 1048576K
}
Event: 847.821 GC heap after
{Heap after GC invocations=75 (full 66):
 garbage-first heap   total 68608K, used 22115K [0x00000000c0000000, 0x0000000100000000)
  region size 1024K, 0 young (0K), 0 survivors (0K)
 Metaspace       used 38447K, committed 38976K, reserved 1114112K
  class space    used 5057K, committed 5248K, reserved 1048576K
}
Event: 858.764 GC heap before
{Heap before GC invocations=75 (full 66):
 garbage-first heap   total 68608K, used 22115K [0x00000000c0000000, 0x0000000100000000)
  region size 1024K, 1 young (1024K), 0 survivors (0K)
 Metaspace       used 38447K, committed 38976K, reserved 1114112K
  class space    used 5057K, committed 5248K, reserved 1048576K
}
Event: 858.806 GC heap after
{Heap after GC invocations=76 (full 67):
 garbage-first heap   total 68608K, used 22115K [0x00000000c0000000, 0x0000000100000000)
  region size 1024K, 0 young (0K), 0 survivors (0K)
 Metaspace       used 38447K, committed 38976K, reserved 1114112K
  class space    used 5057K, committed 5248K, reserved 1048576K
}
Event: 869.955 GC heap before
{Heap before GC invocations=76 (full 67):
 garbage-first heap   total 68608K, used 22115K [0x00000000c0000000, 0x0000000100000000)
  region size 1024K, 1 young (1024K), 0 survivors (0K)
 Metaspace       used 38447K, committed 38976K, reserved 1114112K
  class space    used 5057K, committed 5248K, reserved 1048576K
}
Event: 869.995 GC heap after
{Heap after GC invocations=77 (full 68):
 garbage-first heap   total 68608K, used 22115K [0x00000000c0000000, 0x0000000100000000)
  region size 1024K, 0 young (0K), 0 survivors (0K)
 Metaspace       used 38447K, committed 38976K, reserved 1114112K
  class space    used 5057K, committed 5248K, reserved 1048576K
}
Event: 881.557 GC heap before
{Heap before GC invocations=77 (full 68):
 garbage-first heap   total 68608K, used 22115K [0x00000000c0000000, 0x0000000100000000)
  region size 1024K, 1 young (1024K), 0 survivors (0K)
 Metaspace       used 38447K, committed 38976K, reserved 1114112K
  class space    used 5057K, committed 5248K, reserved 1048576K
}
Event: 881.606 GC heap after
{Heap after GC invocations=78 (full 69):
 garbage-first heap   total 68608K, used 22115K [0x00000000c0000000, 0x0000000100000000)
  region size 1024K, 0 young (0K), 0 survivors (0K)
 Metaspace       used 38447K, committed 38976K, reserved 1114112K
  class space    used 5057K, committed 5248K, reserved 1048576K
}
Event: 894.410 GC heap before
{Heap before GC invocations=78 (full 69):
 garbage-first heap   total 68608K, used 22115K [0x00000000c0000000, 0x0000000100000000)
  region size 1024K, 1 young (1024K), 0 survivors (0K)
 Metaspace       used 38447K, committed 38976K, reserved 1114112K
  class space    used 5057K, committed 5248K, reserved 1048576K
}
Event: 894.461 GC heap after
{Heap after GC invocations=79 (full 70):
 garbage-first heap   total 68608K, used 22115K [0x00000000c0000000, 0x0000000100000000)
  region size 1024K, 0 young (0K), 0 survivors (0K)
 Metaspace       used 38447K, committed 38976K, reserved 1114112K
  class space    used 5057K, committed 5248K, reserved 1048576K
}

